<?xml version="1.0" encoding="UTF-8"?>
<testng-results ignored="0" total="1" passed="1" failed="0" skipped="0">
  <reporter-output>
  </reporter-output>
  <suite started-at="2025-07-03T12:31:57 IST" name="Default suite" finished-at="2025-07-03T12:32:09 IST" duration-ms="12413">
    <groups>
      <group name="cucumber">
        <method signature="AbstractTestNGCucumberTests.runScenario(io.cucumber.testng.PickleWrapper,io.cucumber.testng.FeatureWrapper)[pri:0, instance:runner.TestRunner@1ff4931d]" name="runScenario" class="io.cucumber.testng.AbstractTestNGCucumberTests"/>
      </group> <!-- cucumber -->
    </groups>
    <test started-at="2025-07-03T12:31:57 IST" name="Default test" finished-at="2025-07-03T12:32:09 IST" duration-ms="12413">
      <class name="runner.TestRunner">
        <test-method is-config="true" signature="setUpClass(org.testng.ITestContext)[pri:0, instance:runner.TestRunner@1ff4931d]" started-at="2025-07-03T12:31:57 IST" name="setUpClass" finished-at="2025-07-03T12:31:57 IST" duration-ms="212" status="PASS">
          <params>
            <param index="0">
              <value>
                <![CDATA[org.testng.TestRunner@7fd26ad8]]>
              </value>
            </param>
          </params>
          <reporter-output>
          </reporter-output>
        </test-method> <!-- setUpClass -->
        <test-method signature="runScenario(io.cucumber.testng.PickleWrapper,io.cucumber.testng.FeatureWrapper)[pri:0, instance:runner.TestRunner@1ff4931d]" started-at="2025-07-03T12:31:57 IST" name="runScenario" description="Runs Cucumber Scenarios" data-provider="scenarios" finished-at="2025-07-03T12:32:09 IST" duration-ms="12156" status="PASS">
          <params>
            <param index="0">
              <value>
                <![CDATA["TC01_AddSKILLS - creating skills record"]]>
              </value>
            </param>
            <param index="1">
              <value>
                <![CDATA["I am automating orangeHRM application"]]>
              </value>
            </param>
          </params>
          <reporter-output>
          </reporter-output>
        </test-method> <!-- runScenario -->
        <test-method is-config="true" signature="tearDownClass()[pri:0, instance:runner.TestRunner@1ff4931d]" started-at="2025-07-03T12:32:09 IST" name="tearDownClass" finished-at="2025-07-03T12:32:09 IST" duration-ms="18" status="PASS">
          <reporter-output>
          </reporter-output>
        </test-method> <!-- tearDownClass -->
      </class> <!-- runner.TestRunner -->
    </test> <!-- Default test -->
  </suite> <!-- Default suite -->
</testng-results>
